2025-08-21 18:15:26.545 [http-nio-8082-exec-2] WARN  BUSINESS - HTTP消息不可读 - URI: /admin/admin/fruit/add, 错误信息: JSON parse error: Cannot deserialize value of type `java.lang.Integer` from String "on": not a valid `java.lang.Integer` value; nested exception is com.fasterxml.jackson.databind.exc.InvalidFormatException: Cannot deserialize value of type `java.lang.Integer` from String "on": not a valid `java.lang.Integer` value
 at [Source: (org.springframework.util.StreamUtils$NonClosingInputStream); line: 1, column: 197] (through reference chain: org.example.common.entity.Fruit["status"])
2025-08-21 22:01:54.101 [http-nio-8082-exec-2] WARN  BUSINESS - HTTP方法不支持 - URI: /admin/admin/delivery/ship, 方法: PUT, 支持的方法: POST
2025-08-21 22:09:21.881 [http-nio-8082-exec-4] WARN  BUSINESS - HTTP方法不支持 - URI: /admin/admin/delivery/ship, 方法: POST, 支持的方法: PUT
2025-08-21 22:09:26.672 [http-nio-8082-exec-8] WARN  BUSINESS - HTTP方法不支持 - URI: /admin/admin/delivery/ship, 方法: POST, 支持的方法: PUT
2025-08-21 22:09:29.927 [http-nio-8082-exec-9] WARN  BUSINESS - HTTP方法不支持 - URI: /admin/admin/delivery/ship, 方法: POST, 支持的方法: PUT
2025-08-21 22:09:31.003 [http-nio-8082-exec-10] WARN  BUSINESS - HTTP方法不支持 - URI: /admin/admin/delivery/ship, 方法: POST, 支持的方法: PUT
2025-08-21 22:09:40.481 [http-nio-8082-exec-1] WARN  BUSINESS - HTTP方法不支持 - URI: /admin/admin/delivery/ship, 方法: POST, 支持的方法: PUT
2025-08-21 22:15:06.814 [http-nio-8082-exec-3] WARN  BUSINESS - HTTP方法不支持 - URI: /admin/admin/delivery/ship, 方法: POST, 支持的方法: PUT
2025-08-21 22:15:13.312 [http-nio-8082-exec-2] WARN  BUSINESS - HTTP方法不支持 - URI: /admin/admin/delivery/ship, 方法: POST, 支持的方法: PUT
2025-08-21 22:15:19.781 [http-nio-8082-exec-7] WARN  BUSINESS - HTTP方法不支持 - URI: /admin/admin/delivery/ship, 方法: POST, 支持的方法: PUT
2025-08-21 22:16:33.784 [http-nio-8082-exec-4] WARN  BUSINESS - HTTP方法不支持 - URI: /admin/admin/delivery/ship, 方法: POST, 支持的方法: PUT
2025-08-22 23:59:44.757 [http-nio-8082-exec-1] WARN  BUSINESS - 参数类型不匹配 - URI: /admin/admin/fruit/update, 参数名: id, 期望类型: class java.lang.Long, 实际值: update
2025-08-23 00:31:23.757 [http-nio-8082-exec-10] WARN  BUSINESS - HTTP消息不可读 - URI: /admin/admin/fruit/update, 错误信息: JSON parse error: Cannot deserialize value of type `java.lang.Integer` from String "应季水果": not a valid `java.lang.Integer` value; nested exception is com.fasterxml.jackson.databind.exc.InvalidFormatException: Cannot deserialize value of type `java.lang.Integer` from String "应季水果": not a valid `java.lang.Integer` value
 at [Source: (org.springframework.util.StreamUtils$NonClosingInputStream); line: 1, column: 157] (through reference chain: org.example.common.entity.Fruit["categoryId"])
2025-08-23 18:30:37.770 [http-nio-8082-exec-1] WARN  BUSINESS - HTTP消息不可读 - URI: /admin/admin/fruit/update, 错误信息: JSON parse error: Cannot deserialize value of type `java.lang.Integer` from String "当季水果": not a valid `java.lang.Integer` value; nested exception is com.fasterxml.jackson.databind.exc.InvalidFormatException: Cannot deserialize value of type `java.lang.Integer` from String "当季水果": not a valid `java.lang.Integer` value
 at [Source: (org.springframework.util.StreamUtils$NonClosingInputStream); line: 1, column: 145] (through reference chain: org.example.common.entity.Fruit["categoryId"])
2025-08-23 18:30:38.034 [http-nio-8082-exec-3] WARN  BUSINESS - HTTP消息不可读 - URI: /admin/admin/fruit/update, 错误信息: JSON parse error: Cannot deserialize value of type `java.lang.Integer` from String "当季水果": not a valid `java.lang.Integer` value; nested exception is com.fasterxml.jackson.databind.exc.InvalidFormatException: Cannot deserialize value of type `java.lang.Integer` from String "当季水果": not a valid `java.lang.Integer` value
 at [Source: (org.springframework.util.StreamUtils$NonClosingInputStream); line: 1, column: 145] (through reference chain: org.example.common.entity.Fruit["categoryId"])
2025-08-23 18:30:40.077 [http-nio-8082-exec-2] WARN  BUSINESS - HTTP消息不可读 - URI: /admin/admin/fruit/update, 错误信息: JSON parse error: Cannot deserialize value of type `java.lang.Integer` from String "当季水果": not a valid `java.lang.Integer` value; nested exception is com.fasterxml.jackson.databind.exc.InvalidFormatException: Cannot deserialize value of type `java.lang.Integer` from String "当季水果": not a valid `java.lang.Integer` value
 at [Source: (org.springframework.util.StreamUtils$NonClosingInputStream); line: 1, column: 145] (through reference chain: org.example.common.entity.Fruit["categoryId"])
2025-08-23 18:32:28.142 [http-nio-8082-exec-3] WARN  BUSINESS - HTTP消息不可读 - URI: /admin/admin/fruit/update, 错误信息: JSON parse error: Cannot deserialize value of type `java.lang.Integer` from String "应季水果": not a valid `java.lang.Integer` value; nested exception is com.fasterxml.jackson.databind.exc.InvalidFormatException: Cannot deserialize value of type `java.lang.Integer` from String "应季水果": not a valid `java.lang.Integer` value
 at [Source: (org.springframework.util.StreamUtils$NonClosingInputStream); line: 1, column: 157] (through reference chain: org.example.common.entity.Fruit["categoryId"])
2025-08-23 18:32:33.069 [http-nio-8082-exec-2] WARN  BUSINESS - HTTP消息不可读 - URI: /admin/admin/fruit/update, 错误信息: JSON parse error: Cannot deserialize value of type `java.lang.Integer` from String "应季水果": not a valid `java.lang.Integer` value; nested exception is com.fasterxml.jackson.databind.exc.InvalidFormatException: Cannot deserialize value of type `java.lang.Integer` from String "应季水果": not a valid `java.lang.Integer` value
 at [Source: (org.springframework.util.StreamUtils$NonClosingInputStream); line: 1, column: 157] (through reference chain: org.example.common.entity.Fruit["categoryId"])
2025-08-23 18:32:39.090 [http-nio-8082-exec-8] WARN  BUSINESS - HTTP消息不可读 - URI: /admin/admin/fruit/update, 错误信息: JSON parse error: Cannot deserialize value of type `java.lang.Integer` from String "应季水果": not a valid `java.lang.Integer` value; nested exception is com.fasterxml.jackson.databind.exc.InvalidFormatException: Cannot deserialize value of type `java.lang.Integer` from String "应季水果": not a valid `java.lang.Integer` value
 at [Source: (org.springframework.util.StreamUtils$NonClosingInputStream); line: 1, column: 157] (through reference chain: org.example.common.entity.Fruit["categoryId"])
2025-08-23 18:33:22.852 [http-nio-8082-exec-1] WARN  BUSINESS - HTTP消息不可读 - URI: /admin/admin/fruit/update, 错误信息: JSON parse error: Cannot deserialize value of type `java.lang.Integer` from String "热带水果": not a valid `java.lang.Integer` value; nested exception is com.fasterxml.jackson.databind.exc.InvalidFormatException: Cannot deserialize value of type `java.lang.Integer` from String "热带水果": not a valid `java.lang.Integer` value
 at [Source: (org.springframework.util.StreamUtils$NonClosingInputStream); line: 1, column: 157] (through reference chain: org.example.common.entity.Fruit["categoryId"])
2025-08-23 18:33:28.464 [http-nio-8082-exec-3] WARN  BUSINESS - HTTP消息不可读 - URI: /admin/admin/fruit/update, 错误信息: JSON parse error: Cannot deserialize value of type `java.lang.Integer` from String "热带水果": not a valid `java.lang.Integer` value; nested exception is com.fasterxml.jackson.databind.exc.InvalidFormatException: Cannot deserialize value of type `java.lang.Integer` from String "热带水果": not a valid `java.lang.Integer` value
 at [Source: (org.springframework.util.StreamUtils$NonClosingInputStream); line: 1, column: 157] (through reference chain: org.example.common.entity.Fruit["categoryId"])
2025-08-23 18:33:33.723 [http-nio-8082-exec-2] WARN  BUSINESS - 参数类型不匹配 - URI: /admin/admin/fruit/update, 参数名: id, 期望类型: class java.lang.Long, 实际值: update
2025-08-23 18:34:28.077 [http-nio-8082-exec-8] WARN  BUSINESS - HTTP消息不可读 - URI: /admin/admin/fruit/update, 错误信息: JSON parse error: Cannot deserialize value of type `java.lang.Integer` from String "热带水果": not a valid `java.lang.Integer` value; nested exception is com.fasterxml.jackson.databind.exc.InvalidFormatException: Cannot deserialize value of type `java.lang.Integer` from String "热带水果": not a valid `java.lang.Integer` value
 at [Source: (org.springframework.util.StreamUtils$NonClosingInputStream); line: 1, column: 157] (through reference chain: org.example.common.entity.Fruit["categoryId"])
2025-08-23 18:39:01.562 [http-nio-8082-exec-10] WARN  BUSINESS - HTTP消息不可读 - URI: /admin/admin/fruit/update, 错误信息: JSON parse error: Cannot deserialize value of type `java.lang.Integer` from String "进口水果": not a valid `java.lang.Integer` value; nested exception is com.fasterxml.jackson.databind.exc.InvalidFormatException: Cannot deserialize value of type `java.lang.Integer` from String "进口水果": not a valid `java.lang.Integer` value
 at [Source: (org.springframework.util.StreamUtils$NonClosingInputStream); line: 1, column: 170] (through reference chain: org.example.common.entity.Fruit["categoryId"])
2025-08-23 18:39:02.980 [http-nio-8082-exec-7] WARN  BUSINESS - HTTP消息不可读 - URI: /admin/admin/fruit/update, 错误信息: JSON parse error: Cannot deserialize value of type `java.lang.Integer` from String "进口水果": not a valid `java.lang.Integer` value; nested exception is com.fasterxml.jackson.databind.exc.InvalidFormatException: Cannot deserialize value of type `java.lang.Integer` from String "进口水果": not a valid `java.lang.Integer` value
 at [Source: (org.springframework.util.StreamUtils$NonClosingInputStream); line: 1, column: 170] (through reference chain: org.example.common.entity.Fruit["categoryId"])
2025-08-23 18:39:03.670 [http-nio-8082-exec-4] WARN  BUSINESS - HTTP消息不可读 - URI: /admin/admin/fruit/update, 错误信息: JSON parse error: Cannot deserialize value of type `java.lang.Integer` from String "进口水果": not a valid `java.lang.Integer` value; nested exception is com.fasterxml.jackson.databind.exc.InvalidFormatException: Cannot deserialize value of type `java.lang.Integer` from String "进口水果": not a valid `java.lang.Integer` value
 at [Source: (org.springframework.util.StreamUtils$NonClosingInputStream); line: 1, column: 170] (through reference chain: org.example.common.entity.Fruit["categoryId"])
2025-08-23 18:42:40.371 [http-nio-8082-exec-1] WARN  BUSINESS - HTTP消息不可读 - URI: /admin/admin/fruit/update, 错误信息: JSON parse error: Cannot deserialize value of type `java.lang.Integer` from String "热带水果": not a valid `java.lang.Integer` value; nested exception is com.fasterxml.jackson.databind.exc.InvalidFormatException: Cannot deserialize value of type `java.lang.Integer` from String "热带水果": not a valid `java.lang.Integer` value
 at [Source: (org.springframework.util.StreamUtils$NonClosingInputStream); line: 1, column: 176] (through reference chain: org.example.common.entity.Fruit["categoryId"])
2025-08-23 18:42:52.046 [http-nio-8082-exec-3] WARN  BUSINESS - HTTP消息不可读 - URI: /admin/admin/fruit/update, 错误信息: JSON parse error: Cannot deserialize value of type `java.lang.Integer` from String "热带水果": not a valid `java.lang.Integer` value; nested exception is com.fasterxml.jackson.databind.exc.InvalidFormatException: Cannot deserialize value of type `java.lang.Integer` from String "热带水果": not a valid `java.lang.Integer` value
 at [Source: (org.springframework.util.StreamUtils$NonClosingInputStream); line: 1, column: 176] (through reference chain: org.example.common.entity.Fruit["categoryId"])
2025-08-23 18:45:10.087 [http-nio-8082-exec-1] WARN  BUSINESS - HTTP消息不可读 - URI: /admin/admin/fruit/update, 错误信息: JSON parse error: Cannot deserialize value of type `java.lang.Integer` from String "热带水果": not a valid `java.lang.Integer` value; nested exception is com.fasterxml.jackson.databind.exc.InvalidFormatException: Cannot deserialize value of type `java.lang.Integer` from String "热带水果": not a valid `java.lang.Integer` value
 at [Source: (org.springframework.util.StreamUtils$NonClosingInputStream); line: 1, column: 176] (through reference chain: org.example.common.entity.Fruit["categoryId"])
2025-08-23 18:46:48.498 [http-nio-8082-exec-10] WARN  BUSINESS - 参数类型不匹配 - URI: /admin/admin/fruit/update, 参数名: id, 期望类型: class java.lang.Long, 实际值: update
2025-08-23 18:47:34.182 [http-nio-8082-exec-6] WARN  BUSINESS - HTTP消息不可读 - URI: /admin/admin/fruit/update, 错误信息: JSON parse error: Cannot deserialize value of type `java.lang.Integer` from String "热带水果": not a valid `java.lang.Integer` value; nested exception is com.fasterxml.jackson.databind.exc.InvalidFormatException: Cannot deserialize value of type `java.lang.Integer` from String "热带水果": not a valid `java.lang.Integer` value
 at [Source: (org.springframework.util.StreamUtils$NonClosingInputStream); line: 1, column: 176] (through reference chain: org.example.common.entity.Fruit["categoryId"])
2025-08-23 18:53:37.824 [http-nio-8082-exec-5] WARN  BUSINESS - HTTP消息不可读 - URI: /admin/admin/fruit/update, 错误信息: JSON parse error: Cannot deserialize value of type `java.lang.Integer` from String "进口水果": not a valid `java.lang.Integer` value; nested exception is com.fasterxml.jackson.databind.exc.InvalidFormatException: Cannot deserialize value of type `java.lang.Integer` from String "进口水果": not a valid `java.lang.Integer` value
 at [Source: (org.springframework.util.StreamUtils$NonClosingInputStream); line: 1, column: 166] (through reference chain: org.example.common.entity.Fruit["categoryId"])
2025-08-23 18:53:39.108 [http-nio-8082-exec-1] WARN  BUSINESS - HTTP消息不可读 - URI: /admin/admin/fruit/update, 错误信息: JSON parse error: Cannot deserialize value of type `java.lang.Integer` from String "进口水果": not a valid `java.lang.Integer` value; nested exception is com.fasterxml.jackson.databind.exc.InvalidFormatException: Cannot deserialize value of type `java.lang.Integer` from String "进口水果": not a valid `java.lang.Integer` value
 at [Source: (org.springframework.util.StreamUtils$NonClosingInputStream); line: 1, column: 166] (through reference chain: org.example.common.entity.Fruit["categoryId"])
2025-08-23 18:53:47.018 [http-nio-8082-exec-3] WARN  BUSINESS - HTTP消息不可读 - URI: /admin/admin/fruit/update, 错误信息: JSON parse error: Cannot deserialize value of type `java.lang.Integer` from String "进口水果": not a valid `java.lang.Integer` value; nested exception is com.fasterxml.jackson.databind.exc.InvalidFormatException: Cannot deserialize value of type `java.lang.Integer` from String "进口水果": not a valid `java.lang.Integer` value
 at [Source: (org.springframework.util.StreamUtils$NonClosingInputStream); line: 1, column: 166] (through reference chain: org.example.common.entity.Fruit["categoryId"])
2025-08-23 18:57:31.181 [http-nio-8082-exec-1] WARN  BUSINESS - HTTP消息不可读 - URI: /admin/admin/fruit/update, 错误信息: JSON parse error: Cannot deserialize value of type `java.lang.Integer` from String "热带水果": not a valid `java.lang.Integer` value; nested exception is com.fasterxml.jackson.databind.exc.InvalidFormatException: Cannot deserialize value of type `java.lang.Integer` from String "热带水果": not a valid `java.lang.Integer` value
 at [Source: (org.springframework.util.StreamUtils$NonClosingInputStream); line: 1, column: 176] (through reference chain: org.example.common.entity.Fruit["categoryId"])
2025-08-23 19:00:28.603 [http-nio-8082-exec-3] WARN  BUSINESS - HTTP消息不可读 - URI: /admin/admin/fruit/update, 错误信息: JSON parse error: Cannot deserialize value of type `java.lang.Integer` from String "热带水果": not a valid `java.lang.Integer` value; nested exception is com.fasterxml.jackson.databind.exc.InvalidFormatException: Cannot deserialize value of type `java.lang.Integer` from String "热带水果": not a valid `java.lang.Integer` value
 at [Source: (org.springframework.util.StreamUtils$NonClosingInputStream); line: 1, column: 176] (through reference chain: org.example.common.entity.Fruit["categoryId"])
2025-08-23 19:01:22.202 [http-nio-8082-exec-4] WARN  BUSINESS - HTTP消息不可读 - URI: /admin/admin/fruit/update, 错误信息: JSON parse error: Cannot deserialize value of type `java.lang.Integer` from String "礼盒09": not a valid `java.lang.Integer` value; nested exception is com.fasterxml.jackson.databind.exc.InvalidFormatException: Cannot deserialize value of type `java.lang.Integer` from String "礼盒09": not a valid `java.lang.Integer` value
 at [Source: (org.springframework.util.StreamUtils$NonClosingInputStream); line: 1, column: 145] (through reference chain: org.example.common.entity.Fruit["categoryId"])
2025-08-23 19:07:15.151 [http-nio-8082-exec-2] WARN  BUSINESS - HTTP消息不可读 - URI: /admin/admin/fruit/update, 错误信息: JSON parse error: Cannot deserialize value of type `java.lang.Integer` from String "热带水果": not a valid `java.lang.Integer` value; nested exception is com.fasterxml.jackson.databind.exc.InvalidFormatException: Cannot deserialize value of type `java.lang.Integer` from String "热带水果": not a valid `java.lang.Integer` value
 at [Source: (org.springframework.util.StreamUtils$NonClosingInputStream); line: 1, column: 176] (through reference chain: org.example.common.entity.Fruit["categoryId"])
2025-08-23 19:56:42.074 [http-nio-8082-exec-8] WARN  BUSINESS - HTTP消息不可读 - URI: /admin/admin/fruit/update, 错误信息: JSON parse error: Cannot deserialize value of type `java.lang.Integer` from String "应季水果": not a valid `java.lang.Integer` value; nested exception is com.fasterxml.jackson.databind.exc.InvalidFormatException: Cannot deserialize value of type `java.lang.Integer` from String "应季水果": not a valid `java.lang.Integer` value
 at [Source: (org.springframework.util.StreamUtils$NonClosingInputStream); line: 1, column: 179] (through reference chain: org.example.common.entity.Fruit["categoryId"])
2025-08-23 19:56:45.266 [http-nio-8082-exec-9] WARN  BUSINESS - HTTP消息不可读 - URI: /admin/admin/fruit/update, 错误信息: JSON parse error: Cannot deserialize value of type `java.lang.Integer` from String "应季水果": not a valid `java.lang.Integer` value; nested exception is com.fasterxml.jackson.databind.exc.InvalidFormatException: Cannot deserialize value of type `java.lang.Integer` from String "应季水果": not a valid `java.lang.Integer` value
 at [Source: (org.springframework.util.StreamUtils$NonClosingInputStream); line: 1, column: 179] (through reference chain: org.example.common.entity.Fruit["categoryId"])
2025-08-23 19:56:46.484 [http-nio-8082-exec-10] WARN  BUSINESS - HTTP消息不可读 - URI: /admin/admin/fruit/update, 错误信息: JSON parse error: Cannot deserialize value of type `java.lang.Integer` from String "应季水果": not a valid `java.lang.Integer` value; nested exception is com.fasterxml.jackson.databind.exc.InvalidFormatException: Cannot deserialize value of type `java.lang.Integer` from String "应季水果": not a valid `java.lang.Integer` value
 at [Source: (org.springframework.util.StreamUtils$NonClosingInputStream); line: 1, column: 179] (through reference chain: org.example.common.entity.Fruit["categoryId"])
2025-08-23 19:56:48.915 [http-nio-8082-exec-7] WARN  BUSINESS - HTTP消息不可读 - URI: /admin/admin/fruit/update, 错误信息: JSON parse error: Cannot deserialize value of type `java.lang.Integer` from String "应季水果": not a valid `java.lang.Integer` value; nested exception is com.fasterxml.jackson.databind.exc.InvalidFormatException: Cannot deserialize value of type `java.lang.Integer` from String "应季水果": not a valid `java.lang.Integer` value
 at [Source: (org.springframework.util.StreamUtils$NonClosingInputStream); line: 1, column: 179] (through reference chain: org.example.common.entity.Fruit["categoryId"])
2025-08-23 20:04:41.336 [http-nio-8082-exec-8] WARN  BUSINESS - HTTP消息不可读 - URI: /admin/admin/fruit/update, 错误信息: JSON parse error: Cannot deserialize value of type `java.lang.Integer` from String "应季水果": not a valid `java.lang.Integer` value; nested exception is com.fasterxml.jackson.databind.exc.InvalidFormatException: Cannot deserialize value of type `java.lang.Integer` from String "应季水果": not a valid `java.lang.Integer` value
 at [Source: (org.springframework.util.StreamUtils$NonClosingInputStream); line: 1, column: 179] (through reference chain: org.example.common.entity.Fruit["categoryId"])
2025-08-23 20:04:41.960 [http-nio-8082-exec-9] WARN  BUSINESS - HTTP消息不可读 - URI: /admin/admin/fruit/update, 错误信息: JSON parse error: Cannot deserialize value of type `java.lang.Integer` from String "应季水果": not a valid `java.lang.Integer` value; nested exception is com.fasterxml.jackson.databind.exc.InvalidFormatException: Cannot deserialize value of type `java.lang.Integer` from String "应季水果": not a valid `java.lang.Integer` value
 at [Source: (org.springframework.util.StreamUtils$NonClosingInputStream); line: 1, column: 179] (through reference chain: org.example.common.entity.Fruit["categoryId"])
2025-08-23 20:04:43.369 [http-nio-8082-exec-10] WARN  BUSINESS - HTTP消息不可读 - URI: /admin/admin/fruit/update, 错误信息: JSON parse error: Cannot deserialize value of type `java.lang.Integer` from String "应季水果": not a valid `java.lang.Integer` value; nested exception is com.fasterxml.jackson.databind.exc.InvalidFormatException: Cannot deserialize value of type `java.lang.Integer` from String "应季水果": not a valid `java.lang.Integer` value
 at [Source: (org.springframework.util.StreamUtils$NonClosingInputStream); line: 1, column: 179] (through reference chain: org.example.common.entity.Fruit["categoryId"])
2025-08-23 20:04:48.668 [http-nio-8082-exec-7] WARN  BUSINESS - HTTP消息不可读 - URI: /admin/admin/fruit/update, 错误信息: JSON parse error: Cannot deserialize value of type `java.lang.Integer` from String "应季水果": not a valid `java.lang.Integer` value; nested exception is com.fasterxml.jackson.databind.exc.InvalidFormatException: Cannot deserialize value of type `java.lang.Integer` from String "应季水果": not a valid `java.lang.Integer` value
 at [Source: (org.springframework.util.StreamUtils$NonClosingInputStream); line: 1, column: 179] (through reference chain: org.example.common.entity.Fruit["categoryId"])
2025-08-23 20:04:53.424 [http-nio-8082-exec-4] WARN  BUSINESS - HTTP消息不可读 - URI: /admin/admin/fruit/update, 错误信息: JSON parse error: Cannot deserialize value of type `java.lang.Integer` from String "应季水果": not a valid `java.lang.Integer` value; nested exception is com.fasterxml.jackson.databind.exc.InvalidFormatException: Cannot deserialize value of type `java.lang.Integer` from String "应季水果": not a valid `java.lang.Integer` value
 at [Source: (org.springframework.util.StreamUtils$NonClosingInputStream); line: 1, column: 179] (through reference chain: org.example.common.entity.Fruit["categoryId"])
2025-08-23 20:34:33.523 [http-nio-8082-exec-2] WARN  BUSINESS - HTTP消息不可读 - URI: /admin/admin/fruit/update, 错误信息: JSON parse error: Cannot deserialize value of type `java.lang.Integer` from String "应季水果": not a valid `java.lang.Integer` value; nested exception is com.fasterxml.jackson.databind.exc.InvalidFormatException: Cannot deserialize value of type `java.lang.Integer` from String "应季水果": not a valid `java.lang.Integer` value
 at [Source: (org.springframework.util.StreamUtils$NonClosingInputStream); line: 1, column: 177] (through reference chain: org.example.common.entity.Fruit["categoryId"])
2025-08-23 20:34:35.460 [http-nio-8082-exec-8] WARN  BUSINESS - HTTP消息不可读 - URI: /admin/admin/fruit/update, 错误信息: JSON parse error: Cannot deserialize value of type `java.lang.Integer` from String "应季水果": not a valid `java.lang.Integer` value; nested exception is com.fasterxml.jackson.databind.exc.InvalidFormatException: Cannot deserialize value of type `java.lang.Integer` from String "应季水果": not a valid `java.lang.Integer` value
 at [Source: (org.springframework.util.StreamUtils$NonClosingInputStream); line: 1, column: 177] (through reference chain: org.example.common.entity.Fruit["categoryId"])
2025-08-23 20:34:38.015 [http-nio-8082-exec-9] WARN  BUSINESS - HTTP消息不可读 - URI: /admin/admin/fruit/update, 错误信息: JSON parse error: Cannot deserialize value of type `java.lang.Integer` from String "应季水果": not a valid `java.lang.Integer` value; nested exception is com.fasterxml.jackson.databind.exc.InvalidFormatException: Cannot deserialize value of type `java.lang.Integer` from String "应季水果": not a valid `java.lang.Integer` value
 at [Source: (org.springframework.util.StreamUtils$NonClosingInputStream); line: 1, column: 177] (through reference chain: org.example.common.entity.Fruit["categoryId"])
2025-08-23 20:34:41.529 [http-nio-8082-exec-10] WARN  BUSINESS - HTTP消息不可读 - URI: /admin/admin/fruit/update, 错误信息: JSON parse error: Cannot deserialize value of type `java.lang.Integer` from String "应季水果": not a valid `java.lang.Integer` value; nested exception is com.fasterxml.jackson.databind.exc.InvalidFormatException: Cannot deserialize value of type `java.lang.Integer` from String "应季水果": not a valid `java.lang.Integer` value
 at [Source: (org.springframework.util.StreamUtils$NonClosingInputStream); line: 1, column: 177] (through reference chain: org.example.common.entity.Fruit["categoryId"])
2025-08-23 20:34:43.495 [http-nio-8082-exec-7] WARN  BUSINESS - HTTP消息不可读 - URI: /admin/admin/fruit/update, 错误信息: JSON parse error: Cannot deserialize value of type `java.lang.Integer` from String "应季水果": not a valid `java.lang.Integer` value; nested exception is com.fasterxml.jackson.databind.exc.InvalidFormatException: Cannot deserialize value of type `java.lang.Integer` from String "应季水果": not a valid `java.lang.Integer` value
 at [Source: (org.springframework.util.StreamUtils$NonClosingInputStream); line: 1, column: 177] (through reference chain: org.example.common.entity.Fruit["categoryId"])
2025-08-23 20:34:43.757 [http-nio-8082-exec-4] WARN  BUSINESS - HTTP消息不可读 - URI: /admin/admin/fruit/update, 错误信息: JSON parse error: Cannot deserialize value of type `java.lang.Integer` from String "应季水果": not a valid `java.lang.Integer` value; nested exception is com.fasterxml.jackson.databind.exc.InvalidFormatException: Cannot deserialize value of type `java.lang.Integer` from String "应季水果": not a valid `java.lang.Integer` value
 at [Source: (org.springframework.util.StreamUtils$NonClosingInputStream); line: 1, column: 177] (through reference chain: org.example.common.entity.Fruit["categoryId"])
2025-08-23 20:34:43.973 [http-nio-8082-exec-6] WARN  BUSINESS - HTTP消息不可读 - URI: /admin/admin/fruit/update, 错误信息: JSON parse error: Cannot deserialize value of type `java.lang.Integer` from String "应季水果": not a valid `java.lang.Integer` value; nested exception is com.fasterxml.jackson.databind.exc.InvalidFormatException: Cannot deserialize value of type `java.lang.Integer` from String "应季水果": not a valid `java.lang.Integer` value
 at [Source: (org.springframework.util.StreamUtils$NonClosingInputStream); line: 1, column: 177] (through reference chain: org.example.common.entity.Fruit["categoryId"])
2025-08-23 21:01:35.597 [http-nio-8082-exec-1] WARN  BUSINESS - HTTP消息不可读 - URI: /admin/admin/fruit/update, 错误信息: JSON parse error: Cannot deserialize value of type `java.lang.Integer` from String "应季水果": not a valid `java.lang.Integer` value; nested exception is com.fasterxml.jackson.databind.exc.InvalidFormatException: Cannot deserialize value of type `java.lang.Integer` from String "应季水果": not a valid `java.lang.Integer` value
 at [Source: (org.springframework.util.StreamUtils$NonClosingInputStream); line: 1, column: 177] (through reference chain: org.example.common.entity.Fruit["categoryId"])
2025-08-23 21:01:41.023 [http-nio-8082-exec-3] WARN  BUSINESS - HTTP消息不可读 - URI: /admin/admin/fruit/update, 错误信息: JSON parse error: Cannot deserialize value of type `java.lang.Integer` from String "应季水果": not a valid `java.lang.Integer` value; nested exception is com.fasterxml.jackson.databind.exc.InvalidFormatException: Cannot deserialize value of type `java.lang.Integer` from String "应季水果": not a valid `java.lang.Integer` value
 at [Source: (org.springframework.util.StreamUtils$NonClosingInputStream); line: 1, column: 177] (through reference chain: org.example.common.entity.Fruit["categoryId"])
2025-08-23 21:02:05.927 [http-nio-8082-exec-2] WARN  BUSINESS - HTTP消息不可读 - URI: /admin/admin/fruit/update, 错误信息: JSON parse error: Cannot deserialize value of type `java.lang.Integer` from String "应季水果": not a valid `java.lang.Integer` value; nested exception is com.fasterxml.jackson.databind.exc.InvalidFormatException: Cannot deserialize value of type `java.lang.Integer` from String "应季水果": not a valid `java.lang.Integer` value
 at [Source: (org.springframework.util.StreamUtils$NonClosingInputStream); line: 1, column: 179] (through reference chain: org.example.common.entity.Fruit["categoryId"])
2025-08-23 21:54:53.893 [http-nio-8082-exec-2] WARN  BUSINESS - HTTP消息不可读 - URI: /admin/admin/message/batch-read, 错误信息: JSON parse error: Cannot deserialize value of type `java.util.LinkedHashMap<java.lang.String,java.lang.Object>` from Array value (token `JsonToken.START_ARRAY`); nested exception is com.fasterxml.jackson.databind.exc.MismatchedInputException: Cannot deserialize value of type `java.util.LinkedHashMap<java.lang.String,java.lang.Object>` from Array value (token `JsonToken.START_ARRAY`)
 at [Source: (org.springframework.util.StreamUtils$NonClosingInputStream); line: 1, column: 1]
2025-08-23 21:54:55.925 [http-nio-8082-exec-3] WARN  BUSINESS - HTTP消息不可读 - URI: /admin/admin/message/batch-read, 错误信息: JSON parse error: Cannot deserialize value of type `java.util.LinkedHashMap<java.lang.String,java.lang.Object>` from Array value (token `JsonToken.START_ARRAY`); nested exception is com.fasterxml.jackson.databind.exc.MismatchedInputException: Cannot deserialize value of type `java.util.LinkedHashMap<java.lang.String,java.lang.Object>` from Array value (token `JsonToken.START_ARRAY`)
 at [Source: (org.springframework.util.StreamUtils$NonClosingInputStream); line: 1, column: 1]
