2025-08-20 14:16:39 [background-preinit] INFO  org.hibernate.validator.internal.util.Version - HV000001: Hibernate Validator 6.2.5.Final
2025-08-20 14:16:39 [main] INFO  org.example.admin.AdminApplication - Starting AdminApplication using Java 1.8.0_351 on 192.168.2.7 with PID 95034 (/Users/peng/Downloads/full-goods-parent/full-goods-admin/target/classes started by peng in /Users/peng/Downloads/full-goods-parent)
2025-08-20 14:16:39 [main] DEBUG org.example.admin.AdminApplication - Running with Spring Boot v2.7.5, Spring v5.3.23
2025-08-20 14:16:39 [main] INFO  org.example.admin.AdminApplication - No active profile set, falling back to 1 default profile: "default"
2025-08-20 14:16:40 [main] DEBUG o.s.b.w.s.c.AnnotationConfigServletWebServerApplicationContext - Refreshing org.springframework.boot.web.servlet.context.AnnotationConfigServletWebServerApplicationContext@41f69e84
2025-08-20 14:16:41 [main] INFO  o.s.d.r.config.RepositoryConfigurationDelegate - Multiple Spring Data modules found, entering strict repository configuration mode
2025-08-20 14:16:41 [main] INFO  o.s.d.r.config.RepositoryConfigurationDelegate - Bootstrapping Spring Data Redis repositories in DEFAULT mode.
2025-08-20 14:16:41 [main] INFO  o.s.d.r.config.RepositoryConfigurationDelegate - Finished Spring Data repository scanning in 44 ms. Found 0 Redis repository interfaces.
2025-08-20 14:16:42 [main] WARN  org.mybatis.spring.mapper.ClassPathMapperScanner - Skipping MapperFactoryBean with name 'adminBannerMapper' and 'org.example.admin.mapper.AdminBannerMapper' mapperInterface. Bean already defined with the same name!
2025-08-20 14:16:42 [main] WARN  org.mybatis.spring.mapper.ClassPathMapperScanner - Skipping MapperFactoryBean with name 'categoryMapper' and 'org.example.admin.mapper.CategoryMapper' mapperInterface. Bean already defined with the same name!
2025-08-20 14:16:42 [main] WARN  org.mybatis.spring.mapper.ClassPathMapperScanner - No MyBatis mapper was found in '[org.example.common.mapper, org.example.admin.mapper]' package. Please check your configuration.
2025-08-20 14:16:43 [main] DEBUG o.s.b.w.e.tomcat.TomcatServletWebServerFactory - Code archive: /Users/peng/.m2/repository/org/springframework/boot/spring-boot/2.7.5/spring-boot-2.7.5.jar
2025-08-20 14:16:43 [main] DEBUG o.s.b.w.e.tomcat.TomcatServletWebServerFactory - Code archive: /Users/peng/.m2/repository/org/springframework/boot/spring-boot/2.7.5/spring-boot-2.7.5.jar
2025-08-20 14:16:43 [main] DEBUG o.s.b.w.e.tomcat.TomcatServletWebServerFactory - None of the document roots [src/main/webapp, public, static] point to a directory and will be ignored.
2025-08-20 14:16:43 [main] INFO  o.s.boot.web.embedded.tomcat.TomcatWebServer - Tomcat initialized with port(s): 8082 (http)
2025-08-20 14:16:43 [main] INFO  org.apache.coyote.http11.Http11NioProtocol - Initializing ProtocolHandler ["http-nio-8082"]
2025-08-20 14:16:43 [main] INFO  org.apache.catalina.core.StandardService - Starting service [Tomcat]
2025-08-20 14:16:43 [main] INFO  org.apache.catalina.core.StandardEngine - Starting Servlet engine: [Apache Tomcat/9.0.68]
2025-08-20 14:16:43 [main] INFO  o.a.c.c.C.[Tomcat].[localhost].[/admin] - Initializing Spring embedded WebApplicationContext
2025-08-20 14:16:43 [main] DEBUG o.s.b.w.s.c.ServletWebServerApplicationContext - Published root WebApplicationContext as ServletContext attribute with name [org.springframework.web.context.WebApplicationContext.ROOT]
2025-08-20 14:16:43 [main] INFO  o.s.b.w.s.c.ServletWebServerApplicationContext - Root WebApplicationContext: initialization completed in 3487 ms
2025-08-20 14:16:43 [main] DEBUG o.s.b.web.servlet.ServletContextInitializerBeans - Mapping filters: filterRegistrationBean urls=[/*] order=2147483647, characterEncodingFilter urls=[/*] order=-2147483648, formContentFilter urls=[/*] order=-9900, requestContextFilter urls=[/*] order=-105, hiddenHttpMethodFilter urls=[/*] order=2147483647
2025-08-20 14:16:43 [main] DEBUG o.s.b.web.servlet.ServletContextInitializerBeans - Mapping servlets: dispatcherServlet urls=[/], statViewServlet urls=[/druid/*]
2025-08-20 14:16:43 [main] DEBUG o.s.b.w.servlet.filter.OrderedRequestContextFilter - Filter 'requestContextFilter' configured for use
2025-08-20 14:16:43 [main] DEBUG o.s.web.filter.HiddenHttpMethodFilter - Filter 'hiddenHttpMethodFilter' configured for use
2025-08-20 14:16:43 [main] DEBUG o.s.b.w.s.filter.OrderedCharacterEncodingFilter - Filter 'characterEncodingFilter' configured for use
2025-08-20 14:16:43 [main] DEBUG o.s.b.web.servlet.filter.OrderedFormContentFilter - Filter 'formContentFilter' configured for use
2025-08-20 14:16:44 [main] INFO  c.a.d.s.b.a.DruidDataSourceAutoConfigure - Init DruidDataSource
2025-08-20 14:16:46 [main] INFO  com.alibaba.druid.pool.DruidDataSource - {dataSource-1} inited
2025-08-20 14:16:47 [main] WARN  o.s.b.w.s.c.AnnotationConfigServletWebServerApplicationContext - Exception encountered during context initialization - cancelling refresh attempt: org.springframework.beans.factory.UnsatisfiedDependencyException: Error creating bean with name 'messageServiceImpl': Unsatisfied dependency expressed through field 'webSocketMessageService'; nested exception is org.springframework.beans.factory.NoSuchBeanDefinitionException: No qualifying bean of type 'org.example.api.service.WebSocketMessageService' available: expected at least 1 bean which qualifies as autowire candidate. Dependency annotations: {@org.springframework.beans.factory.annotation.Autowired(required=true)}
2025-08-20 14:16:47 [main] INFO  com.alibaba.druid.pool.DruidDataSource - {dataSource-1} closing ...
2025-08-20 14:16:47 [main] INFO  com.alibaba.druid.pool.DruidDataSource - {dataSource-1} closed
2025-08-20 14:16:47 [main] INFO  org.apache.catalina.core.StandardService - Stopping service [Tomcat]
2025-08-20 14:16:47 [main] INFO  o.s.b.a.l.ConditionEvaluationReportLoggingListener - 

Error starting ApplicationContext. To display the conditions report re-run your application with 'debug' enabled.
2025-08-20 14:16:47 [main] ERROR o.s.b.diagnostics.LoggingFailureAnalysisReporter - 

***************************
APPLICATION FAILED TO START
***************************

Description:

Field webSocketMessageService in org.example.api.service.impl.MessageServiceImpl required a bean of type 'org.example.api.service.WebSocketMessageService' that could not be found.

The injection point has the following annotations:
	- @org.springframework.beans.factory.annotation.Autowired(required=true)


Action:

Consider defining a bean of type 'org.example.api.service.WebSocketMessageService' in your configuration.

